TN:
SF:hooks\use-mobile.ts
FN:5,useIsMobile
FN:8,(anonymous_5)
FN:10,(anonymous_6)
FN:15,(anonymous_7)
FNF:4
FNH:0
FNDA:0,useIsMobile
FNDA:0,(anonymous_5)
FNDA:0,(anonymous_6)
FNDA:0,(anonymous_7)
DA:1,0
DA:3,0
DA:5,0
DA:6,0
DA:8,0
DA:9,0
DA:10,0
DA:11,0
DA:13,0
DA:14,0
DA:15,0
DA:18,0
LF:12
LH:0
BRF:0
BRH:0
end_of_record
TN:
SF:hooks\use-toast.ts
FN:27,genId
FN:58,(anonymous_8)
FN:63,(anonymous_9)
FN:74,(anonymous_10)
FN:85,(anonymous_11)
FN:98,(anonymous_12)
FN:105,(anonymous_13)
FN:124,(anonymous_14)
FN:133,dispatch
FN:135,(anonymous_16)
FN:142,toast
FN:145,(anonymous_18)
FN:150,(anonymous_19)
FN:158,(anonymous_20)
FN:171,useToast
FN:174,(anonymous_22)
FN:176,(anonymous_23)
FN:187,(anonymous_24)
FNF:18
FNH:0
FNDA:0,genId
FNDA:0,(anonymous_8)
FNDA:0,(anonymous_9)
FNDA:0,(anonymous_10)
FNDA:0,(anonymous_11)
FNDA:0,(anonymous_12)
FNDA:0,(anonymous_13)
FNDA:0,(anonymous_14)
FNDA:0,dispatch
FNDA:0,(anonymous_16)
FNDA:0,toast
FNDA:0,(anonymous_18)
FNDA:0,(anonymous_19)
FNDA:0,(anonymous_20)
FNDA:0,useToast
FNDA:0,(anonymous_22)
FNDA:0,(anonymous_23)
FNDA:0,(anonymous_24)
DA:4,0
DA:8,0
DA:9,0
DA:18,0
DA:25,0
DA:28,0
DA:29,0
DA:56,0
DA:58,0
DA:59,0
DA:60,0
DA:63,0
DA:64,0
DA:65,0
DA:71,0
DA:74,0
DA:75,0
DA:77,0
DA:83,0
DA:86,0
DA:91,0
DA:95,0
DA:96,0
DA:98,0
DA:99,0
DA:103,0
DA:106,0
DA:116,0
DA:117,0
DA:122,0
DA:124,0
DA:129,0
DA:131,0
DA:134,0
DA:135,0
DA:136,0
DA:143,0
DA:145,0
DA:146,0
DA:150,0
DA:152,0
DA:159,0
DA:164,0
DA:172,0
DA:174,0
DA:175,0
DA:176,0
DA:177,0
DA:178,0
DA:179,0
DA:184,0
DA:187,0
DA:191,0
LF:53
LH:0
BRDA:59,0,0,0
BRDA:59,0,1,0
BRDA:75,1,0,0
BRDA:75,1,1,0
BRDA:75,1,2,0
BRDA:75,1,3,0
BRDA:86,2,0,0
BRDA:86,2,1,0
BRDA:95,3,0,0
BRDA:95,3,1,0
BRDA:106,4,0,0
BRDA:106,4,1,0
BRDA:106,5,0,0
BRDA:106,5,1,0
BRDA:116,6,0,0
BRDA:116,6,1,0
BRDA:159,7,0,0
BRDA:159,7,1,0
BRDA:178,8,0,0
BRDA:178,8,1,0
BRF:20
BRH:0
end_of_record
TN:
SF:lib\openapi-spec.ts
FNF:0
FNH:0
DA:7,0
LF:1
LH:0
BRF:0
BRH:0
end_of_record
TN:
SF:lib\utils.ts
FN:4,cn
FNF:1
FNH:0
FNDA:0,cn
DA:1,0
DA:2,0
DA:4,0
DA:5,0
LF:4
LH:0
BRF:0
BRH:0
end_of_record
TN:
SF:lib\api\auth.ts
FN:28,loginUser
FN:45,logoutUser
FN:60,refreshToken
FNF:3
FNH:0
FNDA:0,loginUser
FNDA:0,logoutUser
FNDA:0,refreshToken
DA:6,0
DA:28,0
DA:29,0
DA:37,0
DA:38,0
DA:39,0
DA:42,0
DA:45,0
DA:46,0
DA:54,0
DA:55,0
DA:56,0
DA:60,0
DA:61,0
DA:69,0
DA:70,0
DA:71,0
DA:74,0
LF:18
LH:0
BRDA:37,0,0,0
BRDA:37,0,1,0
BRDA:39,1,0,0
BRDA:39,1,1,0
BRDA:54,2,0,0
BRDA:54,2,1,0
BRDA:56,3,0,0
BRDA:56,3,1,0
BRDA:69,4,0,0
BRDA:69,4,1,0
BRDA:71,5,0,0
BRDA:71,5,1,0
BRF:12
BRH:0
end_of_record
TN:
SF:lib\api\emails.ts
FN:43,sendEmail
FN:61,getEmailStatus
FN:77,getEmailHistory
FNF:3
FNH:0
FNDA:0,sendEmail
FNDA:0,getEmailStatus
FNDA:0,getEmailHistory
DA:6,0
DA:43,0
DA:44,0
DA:53,0
DA:54,0
DA:55,0
DA:58,0
DA:61,0
DA:62,0
DA:69,0
DA:70,0
DA:71,0
DA:74,0
DA:77,0
DA:82,0
DA:89,0
DA:90,0
DA:91,0
DA:94,0
LF:19
LH:0
BRDA:53,0,0,0
BRDA:53,0,1,0
BRDA:55,1,0,0
BRDA:55,1,1,0
BRDA:69,2,0,0
BRDA:69,2,1,0
BRDA:71,3,0,0
BRDA:71,3,1,0
BRDA:79,4,0,0
BRDA:80,5,0,0
BRDA:89,6,0,0
BRDA:89,6,1,0
BRDA:91,7,0,0
BRDA:91,7,1,0
BRF:14
BRH:0
end_of_record
TN:
SF:lib\api\route-handler-utils.ts
FN:29,forwardedHeaders
FN:46,proxyHeaders
FN:70,qs
FN:101,handleProxyResponse
FN:139,serverError
FN:167,proxyGET
FN:192,proxyJSON
FN:227,proxyDELETE
FN:253,proxyFormData
FNF:9
FNH:0
FNDA:0,forwardedHeaders
FNDA:0,proxyHeaders
FNDA:0,qs
FNDA:0,handleProxyResponse
FNDA:0,serverError
FNDA:0,proxyGET
FNDA:0,proxyJSON
FNDA:0,proxyDELETE
FNDA:0,proxyFormData
DA:15,0
DA:22,0
DA:29,0
DA:30,0
DA:46,0
DA:50,0
DA:52,0
DA:53,0
DA:55,0
DA:56,0
DA:59,0
DA:70,0
DA:71,0
DA:72,0
DA:101,0
DA:105,0
DA:107,0
DA:108,0
DA:120,0
DA:122,0
DA:124,0
DA:126,0
DA:139,0
DA:140,0
DA:141,0
DA:167,0
DA:172,0
DA:173,0
DA:176,0
DA:178,0
DA:192,0
DA:198,0
DA:199,0
DA:200,0
DA:201,0
DA:206,0
DA:211,0
DA:213,0
DA:227,0
DA:232,0
DA:233,0
DA:237,0
DA:239,0
DA:253,0
DA:258,0
DA:259,0
DA:260,0
DA:266,0
DA:268,0
LF:49
LH:0
BRDA:22,0,0,0
BRDA:22,0,1,0
BRDA:31,1,0,0
BRDA:31,1,1,0
BRDA:32,2,0,0
BRDA:32,2,1,0
BRDA:48,3,0,0
BRDA:52,4,0,0
BRDA:52,4,1,0
BRDA:53,5,0,0
BRDA:53,5,1,0
BRDA:55,6,0,0
BRDA:55,6,1,0
BRDA:72,7,0,0
BRDA:72,7,1,0
BRDA:103,8,0,0
BRDA:107,9,0,0
BRDA:107,9,1,0
BRDA:112,10,0,0
BRDA:112,10,1,0
BRDA:113,11,0,0
BRDA:113,11,1,0
BRDA:113,11,2,0
BRDA:120,12,0,0
BRDA:120,12,1,0
BRDA:120,12,2,0
BRDA:170,13,0,0
BRDA:196,14,0,0
BRDA:207,15,0,0
BRDA:207,15,1,0
BRDA:230,16,0,0
BRDA:256,17,0,0
BRF:32
BRH:0
end_of_record
TN:
SF:lib\auth\entra-config.ts
FN:14,getRedirectUri
FN:58,(anonymous_7)
FN:101,getUserTypeFromEmail
FN:125,(anonymous_9)
FN:140,checkEntraIdConfig
FNF:5
FNH:0
FNDA:0,getRedirectUri
FNDA:0,(anonymous_7)
FNDA:0,getUserTypeFromEmail
FNDA:0,(anonymous_9)
FNDA:0,checkEntraIdConfig
DA:8,0
DA:15,0
DA:16,0
DA:19,0
DA:20,0
DA:23,0
DA:31,0
DA:59,0
DA:61,0
DA:62,0
DA:76,0
DA:92,0
DA:101,0
DA:102,0
DA:105,0
DA:106,0
DA:110,0
DA:116,0
DA:117,0
DA:121,0
DA:122,0
DA:123,0
DA:125,0
DA:126,0
DA:131,0
DA:140,0
DA:146,0
DA:147,0
DA:150,0
DA:156,0
DA:160,0
DA:161,0
DA:163,0
LF:33
LH:0
BRDA:15,0,0,0
BRDA:15,0,1,0
BRDA:19,1,0,0
BRDA:19,1,1,0
BRDA:34,2,0,0
BRDA:34,2,1,0
BRDA:59,3,0,0
BRDA:59,3,1,0
BRDA:61,4,0,0
BRDA:61,4,1,0
BRDA:66,5,0,0
BRDA:66,5,1,0
BRDA:105,6,0,0
BRDA:105,6,1,0
BRDA:116,7,0,0
BRDA:116,7,1,0
BRDA:121,8,0,0
BRDA:121,8,1,0
BRDA:125,9,0,0
BRDA:125,9,1,0
BRDA:146,10,0,0
BRDA:146,10,1,0
BRDA:160,11,0,0
BRDA:160,11,1,0
BRDA:161,12,0,0
BRDA:161,12,1,0
BRF:26
BRH:0
end_of_record
TN:
SF:lib\auth\entra-security.ts
FN:31,validateEmailDomain
FN:33,(anonymous_10)
FN:39,isTokenValid
FN:52,getTokenTimeRemaining
FN:65,refreshToken
FN:106,(anonymous_14)
FN:122,(anonymous_15)
FN:141,(anonymous_16)
FN:148,(anonymous_17)
FN:156,(anonymous_18)
FN:191,(anonymous_19)
FN:192,(anonymous_20)
FN:219,(anonymous_21)
FN:249,(anonymous_22)
FN:252,(anonymous_23)
FN:260,(anonymous_24)
FN:263,(anonymous_25)
FN:271,(anonymous_26)
FN:278,(anonymous_27)
FN:293,setupCrossTabLogout
FN:297,(anonymous_30)
FN:313,triggerCrossTabLogout
FN:317,(anonymous_32)
FNF:23
FNH:0
FNDA:0,validateEmailDomain
FNDA:0,(anonymous_10)
FNDA:0,isTokenValid
FNDA:0,getTokenTimeRemaining
FNDA:0,refreshToken
FNDA:0,(anonymous_14)
FNDA:0,(anonymous_15)
FNDA:0,(anonymous_16)
FNDA:0,(anonymous_17)
FNDA:0,(anonymous_18)
FNDA:0,(anonymous_19)
FNDA:0,(anonymous_20)
FNDA:0,(anonymous_21)
FNDA:0,(anonymous_22)
FNDA:0,(anonymous_23)
FNDA:0,(anonymous_24)
FNDA:0,(anonymous_25)
FNDA:0,(anonymous_26)
FNDA:0,(anonymous_27)
FNDA:0,setupCrossTabLogout
FNDA:0,(anonymous_30)
FNDA:0,triggerCrossTabLogout
FNDA:0,(anonymous_32)
DA:7,0
DA:8,0
DA:9,0
DA:14,0
DA:20,0
DA:26,0
DA:31,0
DA:32,0
DA:33,0
DA:39,0
DA:40,0
DA:42,0
DA:43,0
DA:46,0
DA:52,0
DA:53,0
DA:55,0
DA:56,0
DA:57,0
DA:65,0
DA:66,0
DA:67,0
DA:68,0
DA:69,0
DA:70,0
DA:74,0
DA:79,0
DA:81,0
DA:82,0
DA:84,0
DA:85,0
DA:88,0
DA:90,0
DA:91,0
DA:98,0
DA:99,0
DA:100,0
DA:101,0
DA:108,0
DA:111,0
DA:114,0
DA:116,0
DA:123,0
DA:124,0
DA:125,0
DA:128,0
DA:129,0
DA:130,0
DA:133,0
DA:135,0
DA:142,0
DA:143,0
DA:146,0
DA:148,0
DA:149,0
DA:157,0
DA:159,0
DA:160,0
DA:163,0
DA:164,0
DA:184,0
DA:185,0
DA:192,0
DA:193,0
DA:194,0
DA:196,0
DA:197,0
DA:200,0
DA:201,0
DA:202,0
DA:203,0
DA:205,0
DA:206,0
DA:207,0
DA:208,0
DA:209,0
DA:210,0
DA:220,0
DA:221,0
DA:223,0
DA:224,0
DA:242,0
DA:243,0
DA:250,0
DA:252,0
DA:253,0
DA:261,0
DA:263,0
DA:264,0
DA:272,0
DA:279,0
DA:280,0
DA:281,0
DA:288,0
DA:293,0
DA:294,0
DA:297,0
DA:298,0
DA:299,0
DA:301,0
DA:302,0
DA:305,0
DA:313,0
DA:314,0
DA:316,0
DA:317,0
DA:318,0
LF:107
LH:0
BRDA:40,0,0,0
BRDA:40,0,1,0
BRDA:53,1,0,0
BRDA:53,1,1,0
BRDA:68,2,0,0
BRDA:68,2,1,0
BRDA:79,3,0,0
BRDA:79,3,1,0
BRDA:79,4,0,0
BRDA:79,4,1,0
BRDA:123,5,0,0
BRDA:123,5,1,0
BRDA:128,6,0,0
BRDA:128,6,1,0
BRDA:142,7,0,0
BRDA:142,7,1,0
BRDA:163,8,0,0
BRDA:163,8,1,0
BRDA:194,9,0,0
BRDA:194,9,1,0
BRDA:197,10,0,0
BRDA:197,10,1,0
BRDA:201,11,0,0
BRDA:201,11,1,0
BRDA:205,12,0,0
BRDA:205,12,1,0
BRDA:205,13,0,0
BRDA:205,13,1,0
BRDA:208,14,0,0
BRDA:208,14,1,0
BRDA:223,15,0,0
BRDA:223,15,1,0
BRDA:294,16,0,0
BRDA:294,16,1,0
BRDA:298,17,0,0
BRDA:298,17,1,0
BRDA:298,18,0,0
BRDA:298,18,1,0
BRDA:314,19,0,0
BRDA:314,19,1,0
BRF:40
BRH:0
end_of_record
TN:
SF:lib\auth\get-access-token.ts
FN:7,getAccessToken
FNF:1
FNH:0
FNDA:0,getAccessToken
DA:1,0
DA:7,0
DA:8,0
DA:9,0
DA:11,0
DA:12,0
DA:13,0
DA:16,0
DA:19,0
DA:24,0
DA:26,0
DA:27,0
LF:12
LH:0
BRDA:11,0,0,0
BRDA:11,0,1,0
BRF:2
BRH:0
end_of_record
TN:
SF:lib\auth\graph-api.ts
FN:37,getUserProfile
FN:80,getUserManager
FN:127,getUserPhoto
FNF:3
FNH:0
FNDA:0,getUserProfile
FNDA:0,getUserManager
FNDA:0,getUserPhoto
DA:8,0
DA:32,0
DA:37,0
DA:38,0
DA:39,0
DA:40,0
DA:41,0
DA:42,0
DA:43,0
DA:46,0
DA:50,0
DA:53,0
DA:59,0
DA:61,0
DA:62,0
DA:63,0
DA:64,0
DA:65,0
DA:68,0
DA:69,0
DA:70,0
DA:72,0
DA:73,0
DA:80,0
DA:81,0
DA:82,0
DA:83,0
DA:84,0
DA:85,0
DA:86,0
DA:89,0
DA:95,0
DA:101,0
DA:103,0
DA:105,0
DA:106,0
DA:107,0
DA:109,0
DA:110,0
DA:111,0
DA:112,0
DA:115,0
DA:116,0
DA:117,0
DA:119,0
DA:120,0
DA:127,0
DA:128,0
DA:129,0
DA:130,0
DA:131,0
DA:133,0
DA:138,0
DA:144,0
DA:146,0
DA:147,0
DA:149,0
DA:152,0
DA:153,0
DA:154,0
DA:155,0
DA:157,0
DA:158,0
LF:63
LH:0
BRDA:41,0,0,0
BRDA:41,0,1,0
BRDA:61,1,0,0
BRDA:61,1,1,0
BRDA:84,2,0,0
BRDA:84,2,1,0
BRDA:103,3,0,0
BRDA:103,3,1,0
BRDA:105,4,0,0
BRDA:105,4,1,0
BRDA:131,5,0,0
BRDA:131,5,1,0
BRDA:146,6,0,0
BRDA:146,6,1,0
BRF:14
BRH:0
end_of_record
TN:
SF:lib\auth\otp-service.ts
FN:16,(anonymous_1)
FN:48,(anonymous_2)
FN:139,(anonymous_3)
FNF:3
FNH:0
FNDA:0,(anonymous_1)
FNDA:0,(anonymous_2)
FNDA:0,(anonymous_3)
DA:1,0
DA:10,0
DA:11,0
DA:14,0
DA:17,0
DA:19,0
DA:26,0
DA:28,0
DA:45,0
DA:49,0
DA:51,0
DA:52,0
DA:55,0
DA:56,0
DA:57,0
DA:70,0
DA:73,0
DA:74,0
DA:75,0
DA:91,0
DA:94,0
DA:96,0
DA:97,0
DA:114,0
DA:120,0
DA:122,0
DA:136,0
DA:140,0
DA:141,0
DA:143,0
DA:144,0
DA:148,0
LF:32
LH:0
BRDA:51,0,0,0
BRDA:51,0,1,0
BRDA:55,1,0,0
BRDA:55,1,1,0
BRDA:73,2,0,0
BRDA:73,2,1,0
BRDA:96,3,0,0
BRDA:96,3,1,0
BRDA:141,4,0,0
BRDA:141,4,1,0
BRF:10
BRH:0
end_of_record
TN:
SF:lib\auth\rate-limiter.ts
FN:25,(anonymous_3)
FN:44,(anonymous_4)
FN:108,(anonymous_5)
FN:115,(anonymous_6)
FN:122,(anonymous_7)
FN:140,(anonymous_9)
FN:150,generateIdentifier
FNF:7
FNH:0
FNDA:0,(anonymous_3)
FNDA:0,(anonymous_4)
FNDA:0,(anonymous_5)
FNDA:0,(anonymous_6)
FNDA:0,(anonymous_7)
FNDA:0,(anonymous_9)
FNDA:0,generateIdentifier
DA:15,0
DA:16,0
DA:17,0
DA:20,0
DA:26,0
DA:28,0
DA:29,0
DA:33,0
DA:34,0
DA:35,0
DA:38,0
DA:50,0
DA:51,0
DA:52,0
DA:54,0
DA:61,0
DA:62,0
DA:65,0
DA:66,0
DA:73,0
DA:80,0
DA:81,0
DA:84,0
DA:85,0
DA:86,0
DA:88,0
DA:90,0
DA:97,0
DA:99,0
DA:109,0
DA:116,0
DA:123,0
DA:125,0
DA:127,0
DA:128,0
DA:135,0
DA:138,0
DA:139,0
DA:141,0
DA:150,0
DA:151,0
LF:41
LH:0
BRDA:28,0,0,0
BRDA:28,0,1,0
BRDA:28,1,0,0
BRDA:28,1,1,0
BRDA:33,2,0,0
BRDA:33,2,1,0
BRDA:33,3,0,0
BRDA:33,3,1,0
BRDA:50,4,0,0
BRDA:50,4,1,0
BRDA:52,5,0,0
BRDA:52,5,1,0
BRDA:65,6,0,0
BRDA:65,6,1,0
BRDA:65,7,0,0
BRDA:65,7,1,0
BRDA:84,8,0,0
BRDA:84,8,1,0
BRDA:116,9,0,0
BRDA:116,9,1,0
BRDA:127,10,0,0
BRDA:127,10,1,0
BRDA:138,11,0,0
BRDA:138,11,1,0
BRDA:151,12,0,0
BRDA:151,12,1,0
BRF:26
BRH:0
end_of_record
TN:
SF:lib\auth\session-binding.ts
FN:21,captureSessionContext
FN:44,saveSessionContext
FN:57,getSavedSessionContext
FN:74,validateSessionContext
FN:109,clearSessionContext
FN:124,initializeSessionBinding
FN:131,(anonymous_13)
FN:142,(anonymous_14)
FNF:8
FNH:0
FNDA:0,captureSessionContext
FNDA:0,saveSessionContext
FNDA:0,getSavedSessionContext
FNDA:0,validateSessionContext
FNDA:0,clearSessionContext
FNDA:0,initializeSessionBinding
FNDA:0,(anonymous_13)
FNDA:0,(anonymous_14)
DA:16,0
DA:21,0
DA:22,0
DA:23,0
DA:32,0
DA:44,0
DA:45,0
DA:47,0
DA:48,0
DA:50,0
DA:57,0
DA:58,0
DA:60,0
DA:61,0
DA:62,0
DA:64,0
DA:66,0
DA:67,0
DA:74,0
DA:78,0
DA:79,0
DA:83,0
DA:86,0
DA:87,0
DA:94,0
DA:95,0
DA:99,0
DA:100,0
DA:103,0
DA:109,0
DA:110,0
DA:112,0
DA:113,0
DA:115,0
DA:119,0
DA:124,0
DA:125,0
DA:128,0
DA:129,0
DA:131,0
DA:132,0
DA:134,0
DA:135,0
DA:137,0
DA:138,0
DA:142,0
DA:143,0
LF:47
LH:0
BRDA:22,0,0,0
BRDA:22,0,1,0
BRDA:45,1,0,0
BRDA:45,1,1,0
BRDA:58,2,0,0
BRDA:58,2,1,0
BRDA:62,3,0,0
BRDA:62,3,1,0
BRDA:79,4,0,0
BRDA:79,4,1,0
BRDA:86,5,0,0
BRDA:86,5,1,0
BRDA:94,6,0,0
BRDA:94,6,1,0
BRDA:99,7,0,0
BRDA:99,7,1,0
BRDA:110,8,0,0
BRDA:110,8,1,0
BRDA:125,9,0,0
BRDA:125,9,1,0
BRDA:134,10,0,0
BRDA:134,10,1,0
BRDA:137,11,0,0
BRDA:137,11,1,0
BRF:24
BRH:0
end_of_record
TN:
SF:lib\auth\user-verification.ts
FN:42,callVerificationApi
FN:92,verifyExternalUser
FNF:2
FNH:0
FNDA:0,callVerificationApi
FNDA:0,verifyExternalUser
DA:43,0
DA:44,0
DA:46,0
DA:47,0
DA:59,0
DA:61,0
DA:62,0
DA:67,0
DA:68,0
DA:73,0
DA:74,0
DA:75,0
DA:77,0
DA:78,0
DA:92,0
DA:93,0
DA:95,0
DA:97,0
DA:101,0
DA:104,0
LF:20
LH:0
BRDA:44,0,0,0
BRDA:44,0,1,0
BRDA:52,1,0,0
BRDA:52,1,1,0
BRDA:59,2,0,0
BRDA:59,2,1,0
BRDA:70,3,0,0
BRDA:70,3,1,0
BRDA:70,4,0,0
BRDA:70,4,1,0
BRDA:73,5,0,0
BRDA:73,5,1,0
BRDA:73,6,0,0
BRDA:73,6,1,0
BRDA:95,7,0,0
BRDA:95,7,1,0
BRF:16
BRH:0
end_of_record
TN:
SF:lib\db\neon.ts
FN:8,getSql
FN:77,getFases
FN:108,getFaseById
FN:137,createFase
FN:155,updateFase
FN:201,deleteFase
FN:208,getEntregasByFase
FN:223,createEntrega
FN:240,updateEntrega
FN:268,deleteEntrega
FN:275,getMarcos
FN:281,createMarco
FN:291,updateMarco
FN:306,deleteMarco
FN:313,getBurndownData
FN:319,createBurndownEntry
FN:329,updateBurndownEntry
FN:344,deleteBurndownEntry
FN:351,getConfig
FN:357,updateConfig
FNF:20
FNH:0
FNDA:0,getSql
FNDA:0,getFases
FNDA:0,getFaseById
FNDA:0,createFase
FNDA:0,updateFase
FNDA:0,deleteFase
FNDA:0,getEntregasByFase
FNDA:0,createEntrega
FNDA:0,updateEntrega
FNDA:0,deleteEntrega
FNDA:0,getMarcos
FNDA:0,createMarco
FNDA:0,updateMarco
FNDA:0,deleteMarco
FNDA:0,getBurndownData
FNDA:0,createBurndownEntry
FNDA:0,updateBurndownEntry
FNDA:0,deleteBurndownEntry
FNDA:0,getConfig
FNDA:0,updateConfig
DA:1,0
DA:6,0
DA:9,0
DA:10,0
DA:13,0
DA:14,0
DA:17,0
DA:77,0
DA:78,0
DA:79,0
DA:90,0
DA:91,0
DA:92,0
DA:102,0
DA:105,0
DA:108,0
DA:109,0
DA:110,0
DA:120,0
DA:122,0
DA:132,0
DA:134,0
DA:137,0
DA:138,0
DA:139,0
DA:146,0
DA:147,0
DA:148,0
DA:152,0
DA:155,0
DA:156,0
DA:157,0
DA:158,0
DA:160,0
DA:161,0
DA:162,0
DA:163,0
DA:164,0
DA:165,0
DA:166,0
DA:167,0
DA:168,0
DA:169,0
DA:170,0
DA:172,0
DA:191,0
DA:192,0
DA:193,0
DA:194,0
DA:198,0
DA:201,0
DA:202,0
DA:203,0
DA:204,0
DA:208,0
DA:209,0
DA:210,0
DA:220,0
DA:223,0
DA:224,0
DA:225,0
DA:231,0
DA:232,0
DA:233,0
DA:237,0
DA:240,0
DA:241,0
DA:242,0
DA:258,0
DA:259,0
DA:260,0
DA:261,0
DA:265,0
DA:268,0
DA:269,0
DA:270,0
DA:271,0
DA:275,0
DA:276,0
DA:277,0
DA:278,0
DA:281,0
DA:282,0
DA:283,0
DA:288,0
DA:291,0
DA:292,0
DA:293,0
DA:303,0
DA:306,0
DA:307,0
DA:308,0
DA:309,0
DA:313,0
DA:314,0
DA:315,0
DA:316,0
DA:319,0
DA:320,0
DA:321,0
DA:326,0
DA:329,0
DA:330,0
DA:331,0
DA:341,0
DA:344,0
DA:345,0
DA:346,0
DA:347,0
DA:351,0
DA:352,0
DA:353,0
DA:354,0
DA:357,0
DA:358,0
DA:359,0
LF:116
LH:0
BRDA:9,0,0,0
BRDA:9,0,1,0
BRDA:13,1,0,0
BRDA:13,1,1,0
BRDA:120,2,0,0
BRDA:120,2,1,0
BRDA:146,3,0,0
BRDA:146,3,1,0
BRDA:146,4,0,0
BRDA:146,4,1,0
BRDA:160,5,0,0
BRDA:160,5,1,0
BRDA:161,6,0,0
BRDA:161,6,1,0
BRDA:162,7,0,0
BRDA:162,7,1,0
BRDA:163,8,0,0
BRDA:163,8,1,0
BRDA:164,9,0,0
BRDA:164,9,1,0
BRDA:165,10,0,0
BRDA:165,10,1,0
BRDA:166,11,0,0
BRDA:166,11,1,0
BRDA:167,12,0,0
BRDA:167,12,1,0
BRDA:168,13,0,0
BRDA:168,13,1,0
BRDA:169,14,0,0
BRDA:169,14,1,0
BRDA:170,15,0,0
BRDA:170,15,1,0
BRDA:191,16,0,0
BRDA:191,16,1,0
BRDA:198,17,0,0
BRDA:198,17,1,0
BRDA:231,18,0,0
BRDA:231,18,1,0
BRDA:231,19,0,0
BRDA:231,19,1,0
BRDA:258,20,0,0
BRDA:258,20,1,0
BRDA:265,21,0,0
BRDA:265,21,1,0
BRDA:303,22,0,0
BRDA:303,22,1,0
BRDA:341,23,0,0
BRDA:341,23,1,0
BRDA:354,24,0,0
BRDA:354,24,1,0
BRF:50
BRH:0
end_of_record
TN:
SF:lib\email\templates\otp-email.tsx
FN:1,generateOTPEmail
FNF:1
FNH:0
FNDA:0,generateOTPEmail
DA:1,0
DA:6,0
LF:2
LH:0
BRDA:51,0,0,0
BRDA:51,0,1,0
BRF:2
BRH:0
end_of_record
TN:
SF:lib\services\api-client.ts
FN:35,(anonymous_1)
FN:44,(anonymous_2)
FN:51,(anonymous_3)
FN:58,(anonymous_4)
FN:113,(anonymous_5)
FN:130,(anonymous_6)
FN:137,(anonymous_7)
FN:144,(anonymous_8)
FN:155,(anonymous_9)
FN:169,(anonymous_10)
FN:180,(anonymous_11)
FN:208,(anonymous_12)
FN:221,(anonymous_13)
FN:227,(anonymous_14)
FN:237,(anonymous_15)
FN:243,(anonymous_16)
FN:250,(anonymous_17)
FN:257,(anonymous_18)
FN:268,(anonymous_19)
FN:275,(anonymous_20)
FN:282,(anonymous_21)
FN:288,(anonymous_22)
FN:298,(anonymous_23)
FN:309,(anonymous_24)
FN:315,(anonymous_25)
FN:325,(anonymous_26)
FN:340,(anonymous_27)
FNF:27
FNH:0
FNDA:0,(anonymous_1)
FNDA:0,(anonymous_2)
FNDA:0,(anonymous_3)
FNDA:0,(anonymous_4)
FNDA:0,(anonymous_5)
FNDA:0,(anonymous_6)
FNDA:0,(anonymous_7)
FNDA:0,(anonymous_8)
FNDA:0,(anonymous_9)
FNDA:0,(anonymous_10)
FNDA:0,(anonymous_11)
FNDA:0,(anonymous_12)
FNDA:0,(anonymous_13)
FNDA:0,(anonymous_14)
FNDA:0,(anonymous_15)
FNDA:0,(anonymous_16)
FNDA:0,(anonymous_17)
FNDA:0,(anonymous_18)
FNDA:0,(anonymous_19)
FNDA:0,(anonymous_20)
FNDA:0,(anonymous_21)
FNDA:0,(anonymous_22)
FNDA:0,(anonymous_23)
FNDA:0,(anonymous_24)
FNDA:0,(anonymous_25)
FNDA:0,(anonymous_26)
FNDA:0,(anonymous_27)
DA:33,0
DA:36,0
DA:45,0
DA:52,0
DA:59,0
DA:62,0
DA:63,0
DA:64,0
DA:65,0
DA:69,0
DA:75,0
DA:76,0
DA:79,0
DA:80,0
DA:86,0
DA:89,0
DA:90,0
DA:91,0
DA:92,0
DA:96,0
DA:98,0
DA:99,0
DA:114,0
DA:131,0
DA:138,0
DA:145,0
DA:156,0
DA:170,0
DA:181,0
DA:182,0
DA:184,0
DA:185,0
DA:188,0
DA:189,0
DA:195,0
DA:197,0
DA:198,0
DA:215,0
DA:222,0
DA:228,0
DA:238,0
DA:244,0
DA:251,0
DA:258,0
DA:269,0
DA:276,0
DA:283,0
DA:289,0
DA:303,0
DA:310,0
DA:316,0
DA:334,0
DA:341,0
DA:356,0
LF:54
LH:0
BRDA:36,0,0,0
BRDA:36,0,1,0
BRDA:59,1,0,0
BRDA:63,2,0,0
BRDA:63,2,1,0
BRDA:75,3,0,0
BRDA:75,3,1,0
BRDA:83,4,0,0
BRDA:83,4,1,0
BRDA:89,5,0,0
BRDA:89,5,1,0
BRDA:91,6,0,0
BRDA:91,6,1,0
BRDA:184,7,0,0
BRDA:184,7,1,0
BRF:15
BRH:0
end_of_record
TN:
SF:lib\services\api-fetch.ts
FN:23,(anonymous_4)
FN:35,apiFetch
FN:138,isBackendAvailable
FNF:3
FNH:0
FNDA:0,(anonymous_4)
FNDA:0,apiFetch
FNDA:0,isBackendAvailable
DA:6,0
DA:8,0
DA:20,0
DA:24,0
DA:25,0
DA:26,0
DA:27,0
DA:35,0
DA:39,0
DA:41,0
DA:43,0
DA:46,0
DA:47,0
DA:51,0
DA:52,0
DA:55,0
DA:57,0
DA:72,0
DA:73,0
DA:74,0
DA:80,0
DA:81,0
DA:82,0
DA:83,0
DA:85,0
DA:89,0
DA:90,0
DA:105,0
DA:106,0
DA:109,0
DA:110,0
DA:111,0
DA:115,0
DA:116,0
DA:117,0
DA:118,0
DA:119,0
DA:121,0
DA:123,0
DA:127,0
DA:128,0
DA:131,0
DA:138,0
DA:139,0
DA:140,0
DA:143,0
DA:145,0
LF:47
LH:0
BRDA:37,0,0,0
BRDA:46,1,0,0
BRDA:46,1,1,0
BRDA:46,2,0,0
BRDA:46,2,1,0
BRDA:51,3,0,0
BRDA:51,3,1,0
BRDA:51,4,0,0
BRDA:51,4,1,0
BRDA:55,5,0,0
BRDA:55,5,1,0
BRDA:64,6,0,0
BRDA:64,6,1,0
BRDA:66,7,0,0
BRDA:66,7,1,0
BRDA:72,8,0,0
BRDA:72,8,1,0
BRDA:72,9,0,0
BRDA:72,9,1,0
BRDA:72,9,2,0
BRDA:80,10,0,0
BRDA:80,10,1,0
BRDA:82,11,0,0
BRDA:82,11,1,0
BRDA:97,12,0,0
BRDA:97,12,1,0
BRDA:99,13,0,0
BRDA:99,13,1,0
BRDA:109,14,0,0
BRDA:109,14,1,0
BRDA:115,15,0,0
BRDA:115,15,1,0
BRDA:119,16,0,0
BRDA:119,16,1,0
BRDA:119,16,2,0
BRDA:119,16,3,0
BRDA:121,17,0,0
BRDA:121,17,1,0
BRDA:127,18,0,0
BRDA:127,18,1,0
BRDA:143,19,0,0
BRDA:143,19,1,0
BRF:42
BRH:0
end_of_record
TN:
SF:lib\services\microsoft-graph-mail.tsx
FN:24,(anonymous_1)
FN:64,(anonymous_2)
FN:131,(anonymous_3)
FN:205,(anonymous_4)
FNF:4
FNH:0
FNDA:0,(anonymous_1)
FNDA:0,(anonymous_2)
FNDA:0,(anonymous_3)
FNDA:0,(anonymous_4)
DA:22,0
DA:25,0
DA:26,0
DA:28,0
DA:29,0
DA:32,0
DA:44,0
DA:45,0
DA:46,0
DA:47,0
DA:50,0
DA:51,0
DA:56,0
DA:57,0
DA:72,0
DA:74,0
DA:142,0
DA:143,0
DA:145,0
DA:212,0
DA:214,0
DA:276,0
LF:22
LH:0
BRDA:28,0,0,0
BRDA:28,0,1,0
BRDA:44,1,0,0
BRDA:44,1,1,0
BRDA:59,2,0,0
BRDA:59,2,1,0
BRDA:72,3,0,0
BRDA:72,3,1,0
BRDA:142,4,0,0
BRDA:142,4,1,0
BRDA:181,5,0,0
BRDA:181,5,1,0
BRDA:212,6,0,0
BRDA:212,6,1,0
BRF:14
BRH:0
end_of_record
TN:
SF:lib\stores\alert-store.ts
FN:23,(anonymous_3)
FN:25,(anonymous_4)
FN:27,(anonymous_5)
FN:31,(anonymous_6)
FN:32,(anonymous_7)
FN:33,(anonymous_8)
FN:36,(anonymous_9)
FN:41,(anonymous_10)
FN:44,(anonymous_11)
FN:47,(anonymous_12)
FN:50,(anonymous_13)
FN:53,(anonymous_14)
FNF:12
FNH:0
FNDA:0,(anonymous_3)
FNDA:0,(anonymous_4)
FNDA:0,(anonymous_5)
FNDA:0,(anonymous_6)
FNDA:0,(anonymous_7)
FNDA:0,(anonymous_8)
FNDA:0,(anonymous_9)
FNDA:0,(anonymous_10)
FNDA:0,(anonymous_11)
FNDA:0,(anonymous_12)
FNDA:0,(anonymous_13)
FNDA:0,(anonymous_14)
DA:1,0
DA:23,0
DA:26,0
DA:27,0
DA:32,0
DA:33,0
DA:36,0
DA:40,0
DA:42,0
DA:45,0
DA:48,0
DA:51,0
DA:54,0
LF:13
LH:0
BRF:0
BRH:0
end_of_record
TN:
SF:lib\stores\audit-log-store.ts
FN:66,mapLevel
FN:73,mapUserType
FN:102,(anonymous_3)
FN:112,(anonymous_4)
FN:139,(anonymous_5)
FN:180,(anonymous_6)
FN:193,(anonymous_7)
FN:200,(anonymous_8)
FN:205,(anonymous_9)
FN:206,(anonymous_10)
FN:209,(anonymous_11)
FN:210,(anonymous_12)
FN:213,(anonymous_13)
FN:215,(anonymous_14)
FN:219,(anonymous_15)
FN:223,(anonymous_16)
FN:227,(anonymous_17)
FNF:17
FNH:0
FNDA:0,mapLevel
FNDA:0,mapUserType
FNDA:0,(anonymous_3)
FNDA:0,(anonymous_4)
FNDA:0,(anonymous_5)
FNDA:0,(anonymous_6)
FNDA:0,(anonymous_7)
FNDA:0,(anonymous_8)
FNDA:0,(anonymous_9)
FNDA:0,(anonymous_10)
FNDA:0,(anonymous_11)
FNDA:0,(anonymous_12)
FNDA:0,(anonymous_13)
FNDA:0,(anonymous_14)
FNDA:0,(anonymous_15)
FNDA:0,(anonymous_16)
FNDA:0,(anonymous_17)
DA:1,0
DA:2,0
DA:3,0
DA:67,0
DA:68,0
DA:69,0
DA:70,0
DA:74,0
DA:75,0
DA:76,0
DA:77,0
DA:100,0
DA:102,0
DA:113,0
DA:114,0
DA:115,0
DA:116,0
DA:139,0
DA:169,0
DA:171,0
DA:172,0
DA:181,0
DA:182,0
DA:183,0
DA:186,0
DA:188,0
DA:189,0
DA:194,0
DA:200,0
DA:206,0
DA:210,0
DA:214,0
DA:215,0
DA:220,0
DA:224,0
DA:228,0
DA:229,0
LF:37
LH:0
BRDA:67,0,0,0
BRDA:67,0,1,0
BRDA:67,1,0,0
BRDA:67,1,1,0
BRDA:68,2,0,0
BRDA:68,2,1,0
BRDA:68,3,0,0
BRDA:68,3,1,0
BRDA:69,4,0,0
BRDA:69,4,1,0
BRDA:69,5,0,0
BRDA:69,5,1,0
BRDA:74,6,0,0
BRDA:74,6,1,0
BRDA:75,7,0,0
BRDA:75,7,1,0
BRDA:76,8,0,0
BRDA:76,8,1,0
BRDA:76,9,0,0
BRDA:76,9,1,0
BRDA:139,10,0,0
BRDA:139,10,1,0
BRDA:142,11,0,0
BRDA:142,11,1,0
BRDA:144,12,0,0
BRDA:144,12,1,0
BRDA:159,13,0,0
BRDA:159,13,1,0
BRDA:162,14,0,0
BRDA:162,14,1,0
BRDA:163,15,0,0
BRDA:163,15,1,0
BRDA:164,16,0,0
BRDA:164,16,1,0
BRDA:165,17,0,0
BRDA:165,17,1,0
BRDA:180,18,0,0
BRDA:219,19,0,0
BRF:38
BRH:0
end_of_record
TN:
SF:lib\stores\auth-store.ts
FN:34,mapRoleToUserType
FN:83,(anonymous_2)
FN:90,(anonymous_3)
FN:99,(anonymous_4)
FN:108,(anonymous_5)
FN:110,(anonymous_6)
FN:113,(anonymous_7)
FN:114,(anonymous_8)
FN:122,(anonymous_9)
FN:171,(anonymous_10)
FN:191,(anonymous_11)
FNF:11
FNH:0
FNDA:0,mapRoleToUserType
FNDA:0,(anonymous_2)
FNDA:0,(anonymous_3)
FNDA:0,(anonymous_4)
FNDA:0,(anonymous_5)
FNDA:0,(anonymous_6)
FNDA:0,(anonymous_7)
FNDA:0,(anonymous_8)
FNDA:0,(anonymous_9)
FNDA:0,(anonymous_10)
FNDA:0,(anonymous_11)
DA:6,0
DA:7,0
DA:8,0
DA:35,0
DA:36,0
DA:37,0
DA:38,0
DA:81,0
DA:83,0
DA:91,0
DA:100,0
DA:108,0
DA:111,0
DA:114,0
DA:123,0
DA:124,0
DA:125,0
DA:131,0
DA:133,0
DA:149,0
DA:157,0
DA:159,0
DA:160,0
DA:161,0
DA:163,0
DA:172,0
DA:173,0
DA:177,0
DA:192,0
DA:193,0
DA:195,0
DA:196,0
DA:205,0
DA:209,0
DA:211,0
DA:217,0
LF:36
LH:0
BRDA:35,0,0,0
BRDA:35,0,1,0
BRDA:36,1,0,0
BRDA:36,1,1,0
BRDA:36,2,0,0
BRDA:36,2,1,0
BRDA:37,3,0,0
BRDA:37,3,1,0
BRDA:115,4,0,0
BRDA:115,4,1,0
BRDA:140,5,0,0
BRDA:140,5,1,0
BRDA:160,6,0,0
BRDA:160,6,1,0
BRDA:193,7,0,0
BRDA:193,7,1,0
BRF:16
BRH:0
end_of_record
TN:
SF:lib\stores\notification-store.ts
FN:26,mapNotificationType
FN:43,(anonymous_2)
FN:52,(anonymous_3)
FN:71,(anonymous_4)
FN:95,(anonymous_5)
FN:103,(anonymous_6)
FN:109,(anonymous_7)
FN:110,(anonymous_8)
FN:111,(anonymous_9)
FN:119,(anonymous_10)
FN:125,(anonymous_11)
FN:126,(anonymous_12)
FN:127,(anonymous_13)
FN:132,(anonymous_14)
FN:137,(anonymous_15)
FN:138,(anonymous_16)
FN:139,(anonymous_17)
FN:141,(anonymous_18)
FN:150,(anonymous_19)
FN:157,(anonymous_20)
FNF:20
FNH:0
FNDA:0,mapNotificationType
FNDA:0,(anonymous_2)
FNDA:0,(anonymous_3)
FNDA:0,(anonymous_4)
FNDA:0,(anonymous_5)
FNDA:0,(anonymous_6)
FNDA:0,(anonymous_7)
FNDA:0,(anonymous_8)
FNDA:0,(anonymous_9)
FNDA:0,(anonymous_10)
FNDA:0,(anonymous_11)
FNDA:0,(anonymous_12)
FNDA:0,(anonymous_13)
FNDA:0,(anonymous_14)
FNDA:0,(anonymous_15)
FNDA:0,(anonymous_16)
FNDA:0,(anonymous_17)
FNDA:0,(anonymous_18)
FNDA:0,(anonymous_19)
FNDA:0,(anonymous_20)
DA:1,0
DA:2,0
DA:4,0
DA:27,0
DA:38,0
DA:41,0
DA:43,0
DA:53,0
DA:54,0
DA:55,0
DA:71,0
DA:83,0
DA:89,0
DA:90,0
DA:96,0
DA:103,0
DA:110,0
DA:112,0
DA:118,0
DA:120,0
DA:126,0
DA:127,0
DA:132,0
DA:133,0
DA:138,0
DA:139,0
DA:140,0
DA:141,0
DA:151,0
DA:157,0
LF:30
LH:0
BRDA:38,0,0,0
BRDA:38,0,1,0
BRDA:74,1,0,0
BRDA:74,1,1,0
BRDA:80,2,0,0
BRDA:80,2,1,0
BRDA:112,3,0,0
BRDA:112,3,1,0
BRDA:143,4,0,0
BRDA:143,4,1,0
BRDA:143,5,0,0
BRDA:143,5,1,0
BRF:12
BRH:0
end_of_record
TN:
SF:lib\stores\theme-store.ts
FN:16,(anonymous_1)
FN:18,(anonymous_2)
FN:19,(anonymous_3)
FN:30,(anonymous_4)
FNF:4
FNH:0
FNDA:0,(anonymous_1)
FNDA:0,(anonymous_2)
FNDA:0,(anonymous_3)
FNDA:0,(anonymous_4)
DA:5,0
DA:6,0
DA:14,0
DA:16,0
DA:19,0
DA:20,0
DA:21,0
DA:22,0
DA:23,0
DA:25,0
DA:28,0
DA:31,0
DA:32,0
DA:33,0
DA:35,0
DA:38,0
LF:16
LH:0
BRDA:21,0,0,0
BRDA:21,0,1,0
BRDA:22,1,0,0
BRDA:22,1,1,0
BRDA:31,2,0,0
BRDA:31,2,1,0
BRDA:32,3,0,0
BRDA:32,3,1,0
BRF:8
BRH:0
end_of_record
TN:
SF:lib\stores\workflow-store.ts
FN:72,mapApiToFileUpload
FN:104,(anonymous_5)
FN:124,(anonymous_6)
FN:131,mapStatus
FN:140,mapStepStatus
FN:175,(anonymous_9)
FN:185,(anonymous_10)
FN:199,(anonymous_11)
FN:200,(anonymous_12)
FN:202,(anonymous_13)
FN:219,(anonymous_14)
FN:228,(anonymous_15)
FN:230,(anonymous_16)
FN:242,(anonymous_17)
FN:245,(anonymous_18)
FN:248,(anonymous_19)
FN:251,(anonymous_20)
FN:255,(anonymous_21)
FN:264,(anonymous_22)
FN:305,(anonymous_23)
FN:327,(anonymous_24)
FN:330,(anonymous_25)
FN:331,(anonymous_26)
FN:337,(anonymous_27)
FN:377,(anonymous_28)
FN:398,(anonymous_29)
FN:419,(anonymous_30)
FN:425,(anonymous_31)
FN:426,(anonymous_32)
FN:434,(anonymous_33)
FN:435,(anonymous_34)
FN:453,(anonymous_35)
FN:456,(anonymous_36)
FN:457,(anonymous_37)
FN:499,(anonymous_38)
FN:500,(anonymous_39)
FN:504,(anonymous_40)
FN:505,(anonymous_41)
FN:522,(anonymous_42)
FN:524,(anonymous_43)
FN:525,(anonymous_44)
FN:564,(anonymous_45)
FN:565,(anonymous_46)
FN:581,(anonymous_47)
FN:582,(anonymous_48)
FN:596,(anonymous_49)
FN:629,(anonymous_50)
FN:630,(anonymous_51)
FN:647,(anonymous_52)
FN:648,(anonymous_53)
FN:670,(anonymous_54)
FN:706,(anonymous_55)
FN:707,(anonymous_56)
FN:715,(anonymous_57)
FN:716,(anonymous_58)
FN:719,(anonymous_59)
FN:720,(anonymous_60)
FN:723,(anonymous_61)
FN:725,(anonymous_62)
FNF:59
FNH:0
FNDA:0,mapApiToFileUpload
FNDA:0,(anonymous_5)
FNDA:0,(anonymous_6)
FNDA:0,mapStatus
FNDA:0,mapStepStatus
FNDA:0,(anonymous_9)
FNDA:0,(anonymous_10)
FNDA:0,(anonymous_11)
FNDA:0,(anonymous_12)
FNDA:0,(anonymous_13)
FNDA:0,(anonymous_14)
FNDA:0,(anonymous_15)
FNDA:0,(anonymous_16)
FNDA:0,(anonymous_17)
FNDA:0,(anonymous_18)
FNDA:0,(anonymous_19)
FNDA:0,(anonymous_20)
FNDA:0,(anonymous_21)
FNDA:0,(anonymous_22)
FNDA:0,(anonymous_23)
FNDA:0,(anonymous_24)
FNDA:0,(anonymous_25)
FNDA:0,(anonymous_26)
FNDA:0,(anonymous_27)
FNDA:0,(anonymous_28)
FNDA:0,(anonymous_29)
FNDA:0,(anonymous_30)
FNDA:0,(anonymous_31)
FNDA:0,(anonymous_32)
FNDA:0,(anonymous_33)
FNDA:0,(anonymous_34)
FNDA:0,(anonymous_35)
FNDA:0,(anonymous_36)
FNDA:0,(anonymous_37)
FNDA:0,(anonymous_38)
FNDA:0,(anonymous_39)
FNDA:0,(anonymous_40)
FNDA:0,(anonymous_41)
FNDA:0,(anonymous_42)
FNDA:0,(anonymous_43)
FNDA:0,(anonymous_44)
FNDA:0,(anonymous_45)
FNDA:0,(anonymous_46)
FNDA:0,(anonymous_47)
FNDA:0,(anonymous_48)
FNDA:0,(anonymous_49)
FNDA:0,(anonymous_50)
FNDA:0,(anonymous_51)
FNDA:0,(anonymous_52)
FNDA:0,(anonymous_53)
FNDA:0,(anonymous_54)
FNDA:0,(anonymous_55)
FNDA:0,(anonymous_56)
FNDA:0,(anonymous_57)
FNDA:0,(anonymous_58)
FNDA:0,(anonymous_59)
FNDA:0,(anonymous_60)
FNDA:0,(anonymous_61)
FNDA:0,(anonymous_62)
DA:1,0
DA:2,0
DA:3,0
DA:4,0
DA:5,0
DA:6,0
DA:7,0
DA:73,0
DA:74,0
DA:75,0
DA:76,0
DA:78,0
DA:104,0
DA:124,0
DA:132,0
DA:133,0
DA:134,0
DA:135,0
DA:136,0
DA:137,0
DA:141,0
DA:142,0
DA:143,0
DA:144,0
DA:173,0
DA:175,0
DA:186,0
DA:187,0
DA:188,0
DA:189,0
DA:190,0
DA:192,0
DA:196,0
DA:199,0
DA:200,0
DA:201,0
DA:202,0
DA:204,0
DA:210,0
DA:211,0
DA:220,0
DA:221,0
DA:222,0
DA:226,0
DA:228,0
DA:230,0
DA:231,0
DA:237,0
DA:238,0
DA:243,0
DA:245,0
DA:246,0
DA:248,0
DA:252,0
DA:256,0
DA:265,0
DA:266,0
DA:305,0
DA:310,0
DA:311,0
DA:312,0
DA:313,0
DA:314,0
DA:317,0
DA:318,0
DA:319,0
DA:323,0
DA:329,0
DA:330,0
DA:332,0
DA:338,0
DA:343,0
DA:345,0
DA:368,0
DA:377,0
DA:378,0
DA:380,0
DA:399,0
DA:403,0
DA:420,0
DA:426,0
DA:427,0
DA:429,0
DA:434,0
DA:436,0
DA:450,0
DA:454,0
DA:456,0
DA:458,0
DA:461,0
DA:467,0
DA:490,0
DA:500,0
DA:501,0
DA:504,0
DA:506,0
DA:519,0
DA:523,0
DA:524,0
DA:526,0
DA:531,0
DA:534,0
DA:555,0
DA:565,0
DA:566,0
DA:568,0
DA:569,0
DA:570,0
DA:572,0
DA:573,0
DA:574,0
DA:576,0
DA:577,0
DA:578,0
DA:581,0
DA:583,0
DA:596,0
DA:597,0
DA:600,0
DA:620,0
DA:630,0
DA:631,0
DA:633,0
DA:635,0
DA:639,0
DA:647,0
DA:649,0
DA:662,0
DA:663,0
DA:664,0
DA:671,0
DA:675,0
DA:697,0
DA:707,0
DA:708,0
DA:709,0
DA:712,0
DA:716,0
DA:720,0
DA:724,0
DA:725,0
LF:141
LH:0
BRDA:73,0,0,0
BRDA:73,0,1,0
BRDA:74,1,0,0
BRDA:74,1,1,0
BRDA:75,2,0,0
BRDA:75,2,1,0
BRDA:76,3,0,0
BRDA:76,3,1,0
BRDA:81,4,0,0
BRDA:81,4,1,0
BRDA:82,5,0,0
BRDA:82,5,1,0
BRDA:82,6,0,0
BRDA:82,6,1,0
BRDA:83,7,0,0
BRDA:83,7,1,0
BRDA:83,8,0,0
BRDA:83,8,1,0
BRDA:84,9,0,0
BRDA:84,9,1,0
BRDA:85,10,0,0
BRDA:85,10,1,0
BRDA:88,11,0,0
BRDA:88,11,1,0
BRDA:89,12,0,0
BRDA:89,12,1,0
BRDA:90,13,0,0
BRDA:90,13,1,0
BRDA:91,14,0,0
BRDA:91,14,1,0
BRDA:93,15,0,0
BRDA:93,15,1,0
BRDA:95,16,0,0
BRDA:95,16,1,0
BRDA:96,17,0,0
BRDA:96,17,1,0
BRDA:99,18,0,0
BRDA:99,18,1,0
BRDA:101,19,0,0
BRDA:101,19,1,0
BRDA:102,20,0,0
BRDA:102,20,1,0
BRDA:103,21,0,0
BRDA:103,21,1,0
BRDA:105,22,0,0
BRDA:105,22,1,0
BRDA:106,23,0,0
BRDA:106,23,1,0
BRDA:107,24,0,0
BRDA:107,24,1,0
BRDA:108,25,0,0
BRDA:108,25,1,0
BRDA:110,26,0,0
BRDA:110,26,1,0
BRDA:111,27,0,0
BRDA:111,27,1,0
BRDA:112,28,0,0
BRDA:112,28,1,0
BRDA:115,29,0,0
BRDA:115,29,1,0
BRDA:116,30,0,0
BRDA:116,30,1,0
BRDA:117,31,0,0
BRDA:117,31,1,0
BRDA:118,32,0,0
BRDA:118,32,1,0
BRDA:122,33,0,0
BRDA:122,33,1,0
BRDA:123,34,0,0
BRDA:123,34,1,0
BRDA:125,35,0,0
BRDA:125,35,1,0
BRDA:126,36,0,0
BRDA:126,36,1,0
BRDA:133,37,0,0
BRDA:133,37,1,0
BRDA:134,38,0,0
BRDA:134,38,1,0
BRDA:134,39,0,0
BRDA:134,39,1,0
BRDA:135,40,0,0
BRDA:135,40,1,0
BRDA:136,41,0,0
BRDA:136,41,1,0
BRDA:141,42,0,0
BRDA:141,42,1,0
BRDA:142,43,0,0
BRDA:142,43,1,0
BRDA:143,44,0,0
BRDA:143,44,1,0
BRDA:189,45,0,0
BRDA:189,45,1,0
BRDA:196,46,0,0
BRDA:196,46,1,0
BRDA:202,47,0,0
BRDA:202,47,1,0
BRDA:226,48,0,0
BRDA:226,48,1,0
BRDA:243,49,0,0
BRDA:243,49,1,0
BRDA:252,50,0,0
BRDA:252,50,1,0
BRDA:256,51,0,0
BRDA:256,51,1,0
BRDA:281,52,0,0
BRDA:281,52,1,0
BRDA:282,53,0,0
BRDA:282,53,1,0
BRDA:313,54,0,0
BRDA:313,54,1,0
BRDA:317,55,0,0
BRDA:317,55,1,0
BRDA:317,56,0,0
BRDA:317,56,1,0
BRDA:329,57,0,0
BRDA:329,57,1,0
BRDA:332,58,0,0
BRDA:332,58,1,0
BRDA:343,59,0,0
BRDA:343,59,1,0
BRDA:378,60,0,0
BRDA:378,60,1,0
BRDA:427,61,0,0
BRDA:427,61,1,0
BRDA:436,62,0,0
BRDA:436,62,1,0
BRDA:458,63,0,0
BRDA:458,63,1,0
BRDA:501,64,0,0
BRDA:501,64,1,0
BRDA:506,65,0,0
BRDA:506,65,1,0
BRDA:526,66,0,0
BRDA:526,66,1,0
BRDA:566,67,0,0
BRDA:566,67,1,0
BRDA:568,68,0,0
BRDA:568,68,1,0
BRDA:572,69,0,0
BRDA:572,69,1,0
BRDA:576,70,0,0
BRDA:576,70,1,0
BRDA:583,71,0,0
BRDA:583,71,1,0
BRDA:589,72,0,0
BRDA:589,72,1,0
BRDA:612,73,0,0
BRDA:612,73,1,0
BRDA:615,74,0,0
BRDA:615,74,1,0
BRDA:631,75,0,0
BRDA:631,75,1,0
BRDA:635,76,0,0
BRDA:635,76,1,0
BRDA:644,77,0,0
BRDA:644,77,1,0
BRDA:649,78,0,0
BRDA:649,78,1,0
BRDA:663,79,0,0
BRDA:663,79,1,0
BRDA:668,80,0,0
BRDA:668,80,1,0
BRDA:691,81,0,0
BRDA:691,81,1,0
BRDA:708,82,0,0
BRDA:708,82,1,0
BRDA:708,83,0,0
BRDA:708,83,1,0
BRDA:725,84,0,0
BRDA:725,84,1,0
BRF:170
BRH:0
end_of_record
TN:
SF:lib\utils\create-mock-zip.ts
FN:3,createMockZipFile
FNF:1
FNH:0
FNDA:0,createMockZipFile
DA:1,0
DA:3,0
DA:4,0
DA:7,0
DA:8,0
DA:9,0
DA:13,0
DA:20,0
DA:21,0
DA:22,0
DA:26,0
DA:30,0
DA:34,0
DA:40,0
DA:43,0
DA:45,0
LF:16
LH:0
BRDA:8,0,0,0
BRDA:8,0,1,0
BRDA:21,1,0,0
BRDA:21,1,1,0
BRF:4
BRH:0
end_of_record
TN:
SF:lib\utils\zip-validator.ts
FN:19,validateZipFile
FN:22,(anonymous_10)
FN:69,isZipFile
FN:77,getBlockedExtensionCategory
FNF:4
FNH:0
FNDA:0,validateZipFile
FNDA:0,(anonymous_10)
FNDA:0,isZipFile
FNDA:0,getBlockedExtensionCategory
DA:2,0
DA:10,0
DA:19,0
DA:20,0
DA:22,0
DA:23,0
DA:26,0
DA:27,0
DA:28,0
DA:31,0
DA:32,0
DA:35,0
DA:38,0
DA:39,0
DA:40,0
DA:44,0
DA:45,0
DA:53,0
DA:60,0
DA:69,0
DA:70,0
DA:71,0
DA:72,0
DA:77,0
DA:78,0
DA:79,0
DA:80,0
DA:83,0
LF:28
LH:0
BRDA:35,0,0,0
BRDA:35,0,1,0
BRDA:39,1,0,0
BRDA:39,1,1,0
BRDA:44,2,0,0
BRDA:44,2,1,0
BRDA:73,3,0,0
BRDA:73,3,1,0
BRDA:73,3,2,0
BRDA:79,4,0,0
BRDA:79,4,1,0
BRF:11
BRH:0
end_of_record
